[debug] [2026-03-21T22:54:24.102Z] ----------------------------------------------------------------------
[debug] [2026-03-21T22:54:24.106Z] Command:       /home/amessa/.nvm/versions/node/v22.20.0/bin/node /home/amessa/.nvm/versions/node/v22.20.0/bin/firebase deploy
[debug] [2026-03-21T22:54:24.107Z] CLI Version:   15.9.0
[debug] [2026-03-21T22:54:24.107Z] Platform:      linux
[debug] [2026-03-21T22:54:24.108Z] Node Version:  v22.20.0
[debug] [2026-03-21T22:54:24.108Z] Time:          Sun Mar 22 2026 01:54:24 GMT+0300 (East Africa Time)
[debug] [2026-03-21T22:54:24.109Z] ----------------------------------------------------------------------
[debug] 
[debug] [2026-03-21T22:54:24.112Z] >>> [apiv2][query] GET https://firebase-public.firebaseio.com/cli.json [none]
[debug] [2026-03-21T22:54:25.504Z] > command requires scopes: ["email","openid","https://www.googleapis.com/auth/cloudplatformprojects.readonly","https://www.googleapis.com/auth/firebase","https://www.googleapis.com/auth/cloud-platform"]
[debug] [2026-03-21T22:54:25.504Z] > authorizing via signed-in user (flowaddis@gmail.com)
[debug] [2026-03-21T22:54:25.504Z] [iam] checking project flowaddis-ea8e1 for permissions ["datastore.indexes.create","datastore.indexes.delete","datastore.indexes.list","datastore.indexes.update","firebase.projects.get","firebasehosting.sites.update"]
[debug] [2026-03-21T22:54:25.505Z] Checked if tokens are valid: false, expires at: 1773830499295
[debug] [2026-03-21T22:54:25.505Z] Checked if tokens are valid: false, expires at: 1773830499295
[debug] [2026-03-21T22:54:25.505Z] > refreshing access token with scopes: []
[debug] [2026-03-21T22:54:25.506Z] >>> [apiv2][query] POST https://www.googleapis.com/oauth2/v3/token [none]
[debug] [2026-03-21T22:54:25.506Z] >>> [apiv2][body] POST https://www.googleapis.com/oauth2/v3/token [omitted]
[debug] [2026-03-21T22:54:26.162Z] <<< [apiv2][status] POST https://www.googleapis.com/oauth2/v3/token 200
[debug] [2026-03-21T22:54:26.163Z] <<< [apiv2][body] POST https://www.googleapis.com/oauth2/v3/token [omitted]
[debug] [2026-03-21T22:54:26.170Z] >>> [apiv2][query] POST https://cloudresourcemanager.googleapis.com/v1/projects/flowaddis-ea8e1:testIamPermissions [none]
[debug] [2026-03-21T22:54:26.170Z] >>> [apiv2][(partial)header] POST https://cloudresourcemanager.googleapis.com/v1/projects/flowaddis-ea8e1:testIamPermissions  x-goog-user-project=flowaddis-ea8e1
[debug] [2026-03-21T22:54:26.170Z] >>> [apiv2][body] POST https://cloudresourcemanager.googleapis.com/v1/projects/flowaddis-ea8e1:testIamPermissions {"permissions":["datastore.indexes.create","datastore.indexes.delete","datastore.indexes.list","datastore.indexes.update","firebase.projects.get","firebasehosting.sites.update"]}
[debug] [2026-03-21T22:54:26.246Z] <<< [apiv2][status] GET https://firebase-public.firebaseio.com/cli.json 200
[debug] [2026-03-21T22:54:26.246Z] <<< [apiv2][body] GET https://firebase-public.firebaseio.com/cli.json {"cloudBuildErrorAfter":1594252800000,"cloudBuildWarnAfter":1590019200000,"defaultNode10After":1594252800000,"minVersion":"3.0.5","node8DeploysDisabledAfter":1613390400000,"node8RuntimeDisabledAfter":1615809600000,"node8WarnAfter":1600128000000}
[debug] [2026-03-21T22:54:28.028Z] <<< [apiv2][status] POST https://cloudresourcemanager.googleapis.com/v1/projects/flowaddis-ea8e1:testIamPermissions 200
[debug] [2026-03-21T22:54:28.028Z] <<< [apiv2][body] POST https://cloudresourcemanager.googleapis.com/v1/projects/flowaddis-ea8e1:testIamPermissions {"permissions":["datastore.indexes.create","datastore.indexes.delete","datastore.indexes.list","datastore.indexes.update","firebase.projects.get","firebasehosting.sites.update"]}
[debug] [2026-03-21T22:54:28.030Z] Checked if tokens are valid: true, expires at: 1774137265163
[debug] [2026-03-21T22:54:28.030Z] Checked if tokens are valid: true, expires at: 1774137265163
[debug] [2026-03-21T22:54:28.031Z] >>> [apiv2][query] GET https://firebase.googleapis.com/v1beta1/projects/flowaddis-ea8e1 [none]
[debug] [2026-03-21T22:54:29.095Z] <<< [apiv2][status] GET https://firebase.googleapis.com/v1beta1/projects/flowaddis-ea8e1 200
[debug] [2026-03-21T22:54:29.095Z] <<< [apiv2][body] GET https://firebase.googleapis.com/v1beta1/projects/flowaddis-ea8e1 {"projectId":"flowaddis-ea8e1","projectNumber":"1021348571684","displayName":"flowaddis","name":"projects/flowaddis-ea8e1","resources":{"hostingSite":"flowaddis-ea8e1","realtimeDatabaseInstance":"flowaddis-ea8e1-default-rtdb"},"state":"ACTIVE","etag":"1_ec21fb30-02a0-46b1-a1b3-3681bc7bc05b"}
[debug] [2026-03-21T22:54:30.766Z] Checked if tokens are valid: true, expires at: 1774137265163
[debug] [2026-03-21T22:54:30.767Z] Checked if tokens are valid: true, expires at: 1774137265163
[debug] [2026-03-21T22:54:30.767Z] >>> [apiv2][query] GET https://firebasehosting.googleapis.com/v1beta1/projects/flowaddis-ea8e1/sites pageToken=&pageSize=10
[debug] [2026-03-21T22:54:32.943Z] <<< [apiv2][status] GET https://firebasehosting.googleapis.com/v1beta1/projects/flowaddis-ea8e1/sites 200
[debug] [2026-03-21T22:54:32.943Z] <<< [apiv2][body] GET https://firebasehosting.googleapis.com/v1beta1/projects/flowaddis-ea8e1/sites {"sites":[{"name":"projects/flowaddis-ea8e1/sites/flowaddis-ea8e1","defaultUrl":"https://flowaddis-ea8e1.web.app","type":"DEFAULT_SITE"}]}
[debug] [2026-03-21T22:54:32.944Z] Checked if tokens are valid: true, expires at: 1774137265163
[debug] [2026-03-21T22:54:32.944Z] Checked if tokens are valid: true, expires at: 1774137265163
[debug] [2026-03-21T22:54:32.944Z] >>> [apiv2][query] GET https://firebasehosting.googleapis.com/v1beta1/projects/flowaddis-ea8e1/sites 
[debug] [2026-03-21T22:54:34.126Z] <<< [apiv2][status] GET https://firebasehosting.googleapis.com/v1beta1/projects/flowaddis-ea8e1/sites 200
[debug] [2026-03-21T22:54:34.126Z] <<< [apiv2][body] GET https://firebasehosting.googleapis.com/v1beta1/projects/flowaddis-ea8e1/sites {"sites":[{"name":"projects/flowaddis-ea8e1/sites/flowaddis-ea8e1","defaultUrl":"https://flowaddis-ea8e1.web.app","type":"DEFAULT_SITE"}]}
[debug] [2026-03-21T22:54:34.126Z] Checked if tokens are valid: true, expires at: 1774137265163
[debug] [2026-03-21T22:54:34.127Z] Checked if tokens are valid: true, expires at: 1774137265163
[debug] [2026-03-21T22:54:34.127Z] >>> [apiv2][query] GET https://firebase.googleapis.com/v1beta1/projects/flowaddis-ea8e1/webApps/-/config [none]
[debug] [2026-03-21T22:54:35.357Z] <<< [apiv2][status] GET https://firebase.googleapis.com/v1beta1/projects/flowaddis-ea8e1/webApps/-/config 200
[debug] [2026-03-21T22:54:35.358Z] <<< [apiv2][body] GET https://firebase.googleapis.com/v1beta1/projects/flowaddis-ea8e1/webApps/-/config {"projectId":"flowaddis-ea8e1","appId":"1:1021348571684:web:5830f2d2d1b8d3fd0606b1","databaseURL":"https://flowaddis-ea8e1-default-rtdb.firebaseio.com","storageBucket":"flowaddis-ea8e1.firebasestorage.app","apiKey":"AIzaSyBX7-JvEBkKx4VSLzDl4VgHaGP0lWYvNYw","authDomain":"flowaddis-ea8e1.firebaseapp.com","messagingSenderId":"1021348571684","measurementId":"G-V2N9YCSWM6","projectNumber":"1021348571684","version":"2"}
[info] 
   Thank you for trying our early preview of Next.js support on Firebase Hosting.
   During the preview, support is best-effort and breaking changes can be expected. Proceed with caution.
   The integration is known to work with Next.js version 12 - 15.0. You may encounter errors.

   Documentation: https://firebase.google.com/docs/hosting/frameworks/nextjs
   File a bug: https://github.com/firebase/firebase-tools/issues/new?template=bug_report.md
   Submit a feature request: https://github.com/firebase/firebase-tools/issues/new?template=feature_request.md

   We'd love to learn from you. Express your interest in helping us shape the future of Firebase Hosting: https://goo.gle/41enW5X

[debug] [2026-03-21T22:54:38.594Z] Checked if tokens are valid: true, expires at: 1774137265163
[debug] [2026-03-21T22:54:38.595Z] Checked if tokens are valid: true, expires at: 1774137265163
[debug] [2026-03-21T22:54:38.595Z] >>> [apiv2][query] GET https://firebasehosting.googleapis.com/v1beta1/projects/flowaddis-ea8e1/sites/flowaddis-ea8e1 [none]
[debug] [2026-03-21T22:54:39.415Z] <<< [apiv2][status] GET https://firebasehosting.googleapis.com/v1beta1/projects/flowaddis-ea8e1/sites/flowaddis-ea8e1 200
[debug] [2026-03-21T22:54:39.416Z] <<< [apiv2][body] GET https://firebasehosting.googleapis.com/v1beta1/projects/flowaddis-ea8e1/sites/flowaddis-ea8e1 {"name":"projects/flowaddis-ea8e1/sites/flowaddis-ea8e1","defaultUrl":"https://flowaddis-ea8e1.web.app","type":"DEFAULT_SITE"}
[info] [baseline-browser-mapping] The data in this module is over two months old.  To ensure accurate Baseline data, please update: `npm i baseline-browser-mapping@latest -D`

[info]    ▲ Next.js 16.0.10 (Turbopack)

[info]    - Environments: .env.local, .env


[info]  ⚠ The "middleware" file convention is deprecated. Please use "proxy" instead. Learn more: https://nextjs.org/docs/messages/middleware-to-proxy

[info]    Creating an optimized production build ...

[info] [baseline-browser-mapping] The data in this module is over two months old.  To ensure accurate Baseline data, please update: `npm i baseline-browser-mapping@latest -D`

[info]  ✓ Compiled successfully in 16.4s

[info]    Running TypeScript ...

